<?xml version="1.0" encoding="UTF-8"?>
<!-- Generated by org.testng.reporters.JUnitReportReporter -->
<testsuite hostname="IBM-PF38Q7KE" failures="0" tests="1" name="logExampleTestNG.NOPCommApp" time="30.008" errors="0" timestamp="2 Aug 2023 03:29:05 GMT">
  <testcase classname="logExampleTestNG.NOPCommApp" name="verifyLoginTest" time="30.008"/>
</testsuite> <!-- logExampleTestNG.NOPCommApp -->
